# JRE version: OpenJDK Runtime Environment (11.0+28) (build 11+28-201810022317)
# Java VM: OpenJDK 64-Bit Server VM (11+28-201810022317, mixed mode, tiered, compressed oops, g1 gc, windows-amd64)
Heap:
 garbage-first heap   total 187392K, used 55804K [0x0000000082400000, 0x0000000100000000)
  region size 1024K, 7 young (7168K), 4 survivors (4096K)
 Metaspace       used 64878K, capacity 65810K, committed 66044K, reserved 1107968K
  class space    used 7480K, capacity 7831K, committed 7932K, reserved 1048576K
GC Heap History (10 events):
Event: 89.368 GC heap before
{Heap before GC invocations=117 (full 0):
 garbage-first heap   total 187392K, used 152009K [0x0000000082400000, 0x0000000100000000)
  region size 1024K, 110 young (112640K), 1 survivors (1024K)
 Metaspace       used 64204K, capacity 65018K, committed 65276K, reserved 1105920K
  class space    used 7444K, capacity 7779K, committed 7932K, reserved 1048576K
}
Event: 89.369 GC heap after
{Heap after GC invocations=118 (full 0):
 garbage-first heap   total 187392K, used 41439K [0x0000000082400000, 0x0000000100000000)
  region size 1024K, 1 young (1024K), 1 survivors (1024K)
 Metaspace       used 64204K, capacity 65018K, committed 65276K, reserved 1105920K
  class space    used 7444K, capacity 7779K, committed 7932K, reserved 1048576K
}
Event: 89.605 GC heap before
{Heap before GC invocations=118 (full 0):
 garbage-first heap   total 187392K, used 152031K [0x0000000082400000, 0x0000000100000000)
  region size 1024K, 109 young (111616K), 1 survivors (1024K)
 Metaspace       used 64204K, capacity 65018K, committed 65276K, reserved 1105920K
  class space    used 7444K, capacity 7779K, committed 7932K, reserved 1048576K
}
Event: 89.605 GC heap after
{Heap after GC invocations=119 (full 0):
 garbage-first heap   total 187392K, used 41433K [0x0000000082400000, 0x0000000100000000)
  region size 1024K, 1 young (1024K), 1 survivors (1024K)
 Metaspace       used 64204K, capacity 65018K, committed 65276K, reserved 1105920K
  class space    used 7444K, capacity 7779K, committed 7932K, reserved 1048576K
}
Event: 89.848 GC heap before
{Heap before GC invocations=119 (full 0):
 garbage-first heap   total 187392K, used 152025K [0x0000000082400000, 0x0000000100000000)
  region size 1024K, 109 young (111616K), 1 survivors (1024K)
 Metaspace       used 64204K, capacity 65018K, committed 65276K, reserved 1105920K
  class space    used 7444K, capacity 7779K, committed 7932K, reserved 1048576K
}
Event: 89.849 GC heap after
{Heap after GC invocations=120 (full 0):
 garbage-first heap   total 187392K, used 41439K [0x0000000082400000, 0x0000000100000000)
  region size 1024K, 1 young (1024K), 1 survivors (1024K)
 Metaspace       used 64204K, capacity 65018K, committed 65276K, reserved 1105920K
  class space    used 7444K, capacity 7779K, committed 7932K, reserved 1048576K
}
Event: 90.083 GC heap before
{Heap before GC invocations=120 (full 0):
 garbage-first heap   total 187392K, used 152031K [0x0000000082400000, 0x0000000100000000)
  region size 1024K, 109 young (111616K), 1 survivors (1024K)
 Metaspace       used 64204K, capacity 65018K, committed 65276K, reserved 1105920K
  class space    used 7444K, capacity 7779K, committed 7932K, reserved 1048576K
}
Event: 90.084 GC heap after
{Heap after GC invocations=121 (full 0):
 garbage-first heap   total 187392K, used 41440K [0x0000000082400000, 0x0000000100000000)
  region size 1024K, 1 young (1024K), 1 survivors (1024K)
 Metaspace       used 64204K, capacity 65018K, committed 65276K, reserved 1105920K
  class space    used 7444K, capacity 7779K, committed 7932K, reserved 1048576K
}
Event: 148.151 GC heap before
{Heap before GC invocations=121 (full 0):
 garbage-first heap   total 187392K, used 153056K [0x0000000082400000, 0x0000000100000000)
  region size 1024K, 109 young (111616K), 1 survivors (1024K)
 Metaspace       used 64844K, capacity 65739K, committed 66044K, reserved 1107968K
  class space    used 7479K, capacity 7830K, committed 7932K, reserved 1048576K
}
Event: 148.154 GC heap after
{Heap after GC invocations=122 (full 0):
 garbage-first heap   total 187392K, used 46588K [0x0000000082400000, 0x0000000100000000)
  region size 1024K, 4 young (4096K), 4 survivors (4096K)
 Metaspace       used 64844K, capacity 65739K, committed 66044K, reserved 1107968K
  class space    used 7479K, capacity 7830K, committed 7932K, reserved 1048576K
}

